<?xml version="1.0" encoding="UTF-8"?>
<!-- Generated by org.testng.reporters.JUnitXMLReporter -->
<testsuite ignored="0" hostname="DEMON-PC" failures="0" tests="4" name="Default test" time="9.819" errors="0" timestamp="2024-08-17T18:30:36 IST">
  <testcase classname="testNG.OrangeHRM" name="openApp" time="4.517"/>
  <testcase classname="testNG.OrangeHRM" name="testLogo" time="2.133"/>
  <testcase classname="testNG.OrangeHRM" name="loginApp" time="2.614"/>
  <testcase classname="testNG.OrangeHRM" name="logoutApp" time="0.387"/>
</testsuite> <!-- Default test -->
