<?xml version="1.0" encoding="UTF-8"?>
<!-- Generated by org.testng.reporters.JUnitXMLReporter -->
<testsuite ignored="0" hostname="DEMON-PC" failures="0" tests="4" name="Default test" time="11.351" errors="0" timestamp="2024-10-22T17:27:40 IST">
  <testcase classname="testNG.OrangeHRM" name="openApp" time="7.69"/>
  <testcase classname="testNG.OrangeHRM" name="testLogo" time="2.096"/>
  <testcase classname="testNG.OrangeHRM" name="loginApp" time="1.155"/>
  <testcase classname="testNG.OrangeHRM" name="logoutApp" time="0.314"/>
</testsuite> <!-- Default test -->
