<?xml version="1.0" encoding="UTF-8"?>
<!-- Generated by org.testng.reporters.JUnitXMLReporter -->
<testsuite ignored="0" hostname="DEMON-PC" failures="0" tests="7" name="Test" time="9.037" errors="0" timestamp="2024-08-17T18:45:33 IST">
  <testcase classname="testNG.OrangeHRM" name="openApp" time="3.866"/>
  <testcase classname="testNG.OrangeHRM" name="testLogo" time="2.122"/>
  <testcase classname="testNG.OrangeHRM" name="loginApp" time="1.068"/>
  <testcase classname="testNG.OrangeHRM" name="logoutApp" time="1.867"/>
  <testcase classname="testNG.FirsttestNG" name="openApp" time="0.0"/>
  <testcase classname="testNG.FirsttestNG" name="loginApp" time="0.006"/>
  <testcase classname="testNG.FirsttestNG" name="logoutApp" time="0.0"/>
</testsuite> <!-- Test -->
