<?xml version="1.0" encoding="UTF-8"?>
<testng-results ignored="0" total="4" passed="4" failed="0" skipped="0">
  <reporter-output>
  </reporter-output>
  <suite started-at="2024-10-22T17:27:28 IST" name="Default suite" finished-at="2024-10-22T17:27:40 IST" duration-ms="11351">
    <groups>
    </groups>
    <test started-at="2024-10-22T17:27:28 IST" name="Default test" finished-at="2024-10-22T17:27:40 IST" duration-ms="11351">
      <class name="testNG.OrangeHRM">
        <test-method signature="openApp()[pri:0, instance:testNG.OrangeHRM@1133ec6e]" started-at="2024-10-22T17:27:29 IST" name="openApp" finished-at="2024-10-22T17:27:36 IST" duration-ms="7690" status="PASS">
          <reporter-output>
          </reporter-output>
        </test-method> <!-- openApp -->
        <test-method signature="testLogo()[pri:1, instance:testNG.OrangeHRM@1133ec6e]" started-at="2024-10-22T17:27:36 IST" name="testLogo" finished-at="2024-10-22T17:27:38 IST" duration-ms="2096" status="PASS">
          <reporter-output>
          </reporter-output>
        </test-method> <!-- testLogo -->
        <test-method signature="loginApp()[pri:2, instance:testNG.OrangeHRM@1133ec6e]" started-at="2024-10-22T17:27:38 IST" name="loginApp" finished-at="2024-10-22T17:27:39 IST" duration-ms="1155" status="PASS">
          <reporter-output>
          </reporter-output>
        </test-method> <!-- loginApp -->
        <test-method signature="logoutApp()[pri:3, instance:testNG.OrangeHRM@1133ec6e]" started-at="2024-10-22T17:27:39 IST" name="logoutApp" finished-at="2024-10-22T17:27:40 IST" duration-ms="314" status="PASS">
          <reporter-output>
          </reporter-output>
        </test-method> <!-- logoutApp -->
      </class> <!-- testNG.OrangeHRM -->
    </test> <!-- Default test -->
  </suite> <!-- Default suite -->
</testng-results>
