<?xml version="1.0" encoding="UTF-8"?>
<testng-results ignored="0" total="7" passed="7" failed="0" skipped="0">
  <reporter-output>
  </reporter-output>
  <suite started-at="2024-08-17T18:45:24 IST" name="Suite" finished-at="2024-08-17T18:45:33 IST" duration-ms="9037">
    <groups>
    </groups>
    <test started-at="2024-08-17T18:45:24 IST" name="Test" finished-at="2024-08-17T18:45:33 IST" duration-ms="9037">
      <class name="testNG.FirsttestNG">
        <test-method signature="openApp()[pri:1, instance:testNG.FirsttestNG@532a02d9]" started-at="2024-08-17T18:45:33 IST" name="openApp" finished-at="2024-08-17T18:45:33 IST" duration-ms="0" status="PASS">
          <reporter-output>
          </reporter-output>
        </test-method> <!-- openApp -->
        <test-method signature="loginApp()[pri:2, instance:testNG.FirsttestNG@532a02d9]" started-at="2024-08-17T18:45:33 IST" name="loginApp" finished-at="2024-08-17T18:45:33 IST" duration-ms="6" status="PASS">
          <reporter-output>
          </reporter-output>
        </test-method> <!-- loginApp -->
        <test-method signature="logoutApp()[pri:3, instance:testNG.FirsttestNG@532a02d9]" started-at="2024-08-17T18:45:33 IST" name="logoutApp" finished-at="2024-08-17T18:45:33 IST" duration-ms="0" status="PASS">
          <reporter-output>
          </reporter-output>
        </test-method> <!-- logoutApp -->
      </class> <!-- testNG.FirsttestNG -->
      <class name="testNG.OrangeHRM">
        <test-method signature="openApp()[pri:0, instance:testNG.OrangeHRM@4a8ab068]" started-at="2024-08-17T18:45:24 IST" name="openApp" finished-at="2024-08-17T18:45:27 IST" duration-ms="3866" status="PASS">
          <reporter-output>
          </reporter-output>
        </test-method> <!-- openApp -->
        <test-method signature="testLogo()[pri:1, instance:testNG.OrangeHRM@4a8ab068]" started-at="2024-08-17T18:45:28 IST" name="testLogo" finished-at="2024-08-17T18:45:30 IST" duration-ms="2122" status="PASS">
          <reporter-output>
          </reporter-output>
        </test-method> <!-- testLogo -->
        <test-method signature="loginApp()[pri:2, instance:testNG.OrangeHRM@4a8ab068]" started-at="2024-08-17T18:45:30 IST" name="loginApp" finished-at="2024-08-17T18:45:31 IST" duration-ms="1068" status="PASS">
          <reporter-output>
          </reporter-output>
        </test-method> <!-- loginApp -->
        <test-method signature="logoutApp()[pri:3, instance:testNG.OrangeHRM@4a8ab068]" started-at="2024-08-17T18:45:31 IST" name="logoutApp" finished-at="2024-08-17T18:45:33 IST" duration-ms="1867" status="PASS">
          <reporter-output>
          </reporter-output>
        </test-method> <!-- logoutApp -->
      </class> <!-- testNG.OrangeHRM -->
    </test> <!-- Test -->
  </suite> <!-- Suite -->
</testng-results>
